#<File:console.out>
-rw-r--r--  1 gg  staff  0 Jan 13 15:45 console.out
class Story < ApplicationRecord {
                   :id[0;37m => [0m[0;36m:integer[0m,
           :story_type[0;37m => [0m[0;36m:string[0m,
               :author[0;37m => [0m[0;36m:string[0m,
           :created_at[0;37m => [0m[0;36m:datetime[0m,
           :updated_at[0;37m => [0m[0;36m:datetime[0m,
          :story_month[0;37m => [0m[0;36m:integer[0m,
           :story_date[0;37m => [0m[0;36m:integer[0m,
           :story_year[0;37m => [0m[0;36m:integer[0m,
       :editor_tagline[0;37m => [0m[0;36m:text[0m,
         :author_track[0;37m => [0m[0;36m:boolean[0m,
     :story_year_track[0;37m => [0m[0;36m:boolean[0m,
    :story_month_track[0;37m => [0m[0;36m:boolean[0m,
     :story_date_track[0;37m => [0m[0;36m:boolean[0m,
         :scraped_type[0;37m => [0m[0;36m:string[0m,
     :sap_publish_date[0;37m => [0m[0;36m:datetime[0m,
      :data_entry_time[0;37m => [0m[0;36m:integer[0m,
      :data_entry_user[0;37m => [0m[0;36m:string[0m,
        :mediaowner_id[0;37m => [0m[0;36m:integer[0m,
       :story_complete[0;37m => [0m[0;36m:boolean[0m,
          :release_seq[0;37m => [0m[0;36m:integer[0m
}
